<?xml version="1.0" encoding="UTF-8"?>
<!-- Generated by org.testng.reporters.JUnitXMLReporter -->
<testsuite hostname="CANDLE" ignored="0" name="Norwegian&#039;s Happy Path" tests="2" failures="2" timestamp="20 янв 2020 03:20:46 GMT" time="33.447" errors="0">
  <testcase name="testDisplayingDeparturePort" time="12.726" classname="com.norwegian.test.explore.PortsTest">
    <failure type="java.lang.AssertionError" message="Labels did not match expected [Port Of Departure] but found [PORT OF DEPARTURE]">
      <![CDATA[java.lang.AssertionError: Labels did not match expected [Port Of Departure] but found [PORT OF DEPARTURE]
	at com.norwegian.test.explore.PortsTest.testDisplayingDeparturePort(PortsTest.java:39)
... Removed 30 stack frames]]>
    </failure>
  </testcase> <!-- testDisplayingDeparturePort -->
  <testcase name="testDisplayingDeparturePort" time="12.165" classname="com.norwegian.test.explore.PortsTest">
    <failure type="java.lang.AssertionError" message="Labels did not match expected [Port Of Departure] but found [PORT OF DEPARTURE]">
      <![CDATA[java.lang.AssertionError: Labels did not match expected [Port Of Departure] but found [PORT OF DEPARTURE]
	at com.norwegian.test.explore.PortsTest.testDisplayingDeparturePort(PortsTest.java:39)
... Removed 30 stack frames]]>
    </failure>
  </testcase> <!-- testDisplayingDeparturePort -->
</testsuite> <!-- Norwegian's Happy Path -->
