<?xml version="1.0" encoding="UTF-8"?>
<!-- Generated by org.testng.reporters.JUnitXMLReporter -->
<testsuite hostname="CANDLE" ignored="0" name="API, Basic tests" tests="34" failures="4" timestamp="10 Feb 2020 03:35:25 GMT" time="5.458" errors="0">
  <testcase name="testContentEncoding" time="0.006" classname="com.employee.tests.TC001_Get_All_Employees"/>
  <testcase name="testContentLength" time="0.001" classname="com.employee.tests.TC001_Get_All_Employees"/>
  <testcase name="testContentType" time="0.001" classname="com.employee.tests.TC001_Get_All_Employees"/>
  <testcase name="testCookies" time="0.002" classname="com.employee.tests.TC001_Get_All_Employees"/>
  <testcase name="testResponseBody" time="0.028" classname="com.employee.tests.TC001_Get_All_Employees"/>
  <testcase name="testResponseTime" time="0.001" classname="com.employee.tests.TC001_Get_All_Employees"/>
  <testcase name="testServerType" time="0.001" classname="com.employee.tests.TC001_Get_All_Employees"/>
  <testcase name="testStatuLine" time="0.001" classname="com.employee.tests.TC001_Get_All_Employees"/>
  <testcase name="testStatusCode" time="0.001" classname="com.employee.tests.TC001_Get_All_Employees"/>
  <testcase name="testResponseBody" time="0.003" classname="com.employee.tests.TC002_Get_Single_Employee_Record">
    <failure type="java.lang.AssertionError" message="expected [true] but found [false]">
      <![CDATA[java.lang.AssertionError: expected [true] but found [false]
at com.employee.tests.TC002_Get_Single_Employee_Record.testResponseBody(TC002_Get_Single_Employee_Record.java:30)
... Removed 31 stack frames]]>
    </failure>
  </testcase> <!-- testResponseBody -->
  <testcase name="testResponseTime" time="0.001" classname="com.employee.tests.TC002_Get_Single_Employee_Record"/>
  <testcase name="testStatusCode" time="0.001" classname="com.employee.tests.TC002_Get_Single_Employee_Record"/>
  <testcase name="testStatusLine" time="0.0" classname="com.employee.tests.TC002_Get_Single_Employee_Record"/>
  <testcase name="testContentLength" time="0.002" classname="com.employee.tests.TC003_POST_Single_Employee_Record"/>
  <testcase name="testPragma" time="0.001" classname="com.employee.tests.TC003_POST_Single_Employee_Record"/>
  <testcase name="testResponseBody" time="0.002" classname="com.employee.tests.TC003_POST_Single_Employee_Record"/>
  <testcase name="testResponseTime" time="0.001" classname="com.employee.tests.TC003_POST_Single_Employee_Record"/>
  <testcase name="testStatus" time="0.376" classname="com.employee.tests.TC003_POST_Single_Employee_Record"/>
  <testcase name="testStatusCode" time="0.002" classname="com.employee.tests.TC003_POST_Single_Employee_Record"/>
  <testcase name="testStatusLine" time="0.002" classname="com.employee.tests.TC003_POST_Single_Employee_Record"/>
  <testcase name="testContentLength" time="0.001" classname="com.employee.tests.TC004_PUT_Single_Employee_Record"/>
  <testcase name="testPragma" time="0.002" classname="com.employee.tests.TC004_PUT_Single_Employee_Record"/>
  <testcase name="testResponseBody" time="0.015" classname="com.employee.tests.TC004_PUT_Single_Employee_Record"/>
  <testcase name="testResponseTime" time="0.001" classname="com.employee.tests.TC004_PUT_Single_Employee_Record"/>
  <testcase name="testStatus" time="0.011" classname="com.employee.tests.TC004_PUT_Single_Employee_Record"/>
  <testcase name="testStatusCode" time="0.001" classname="com.employee.tests.TC004_PUT_Single_Employee_Record"/>
  <testcase name="testStatusLine" time="0.001" classname="com.employee.tests.TC004_PUT_Single_Employee_Record"/>
  <testcase name="testContentLength" time="0.001" classname="com.employee.tests.TC005_DELETE_Single_Employee_Record">
    <failure type="java.lang.AssertionError" message="expected [true] but found [false]">
      <![CDATA[java.lang.AssertionError: expected [true] but found [false]
at com.employee.tests.TC005_DELETE_Single_Employee_Record.testContentLength(TC005_DELETE_Single_Employee_Record.java:90)
... Removed 29 stack frames]]>
    </failure>
  </testcase> <!-- testContentLength -->
  <testcase name="testPragma" time="0.001" classname="com.employee.tests.TC005_DELETE_Single_Employee_Record"/>
  <testcase name="testResponseBody" time="0.012" classname="com.employee.tests.TC005_DELETE_Single_Employee_Record">
    <failure type="java.lang.AssertionError" message="expected [true] but found [false]">
      <![CDATA[java.lang.AssertionError: expected [true] but found [false]
at com.employee.tests.TC005_DELETE_Single_Employee_Record.testResponseBody(TC005_DELETE_Single_Employee_Record.java:45)
... Removed 29 stack frames]]>
    </failure>
  </testcase> <!-- testResponseBody -->
  <testcase name="testResponseTime" time="0.001" classname="com.employee.tests.TC005_DELETE_Single_Employee_Record"/>
  <testcase name="testStatus" time="0.014" classname="com.employee.tests.TC005_DELETE_Single_Employee_Record">
    <failure type="java.lang.AssertionError" message="expected [success] but found [failed]">
      <![CDATA[java.lang.AssertionError: expected [success] but found [failed]
at com.employee.tests.TC005_DELETE_Single_Employee_Record.testStatus(TC005_DELETE_Single_Employee_Record.java:52)
... Removed 31 stack frames]]>
    </failure>
  </testcase> <!-- testStatus -->
  <testcase name="testStatusCode" time="0.002" classname="com.employee.tests.TC005_DELETE_Single_Employee_Record"/>
  <testcase name="testStatusLine" time="0.001" classname="com.employee.tests.TC005_DELETE_Single_Employee_Record"/>
</testsuite> <!-- API, Basic tests -->
